2021-08-14 21:47:25,892 INFO  [Log] searchKeyword() PASSED 
2021-08-14 21:47:31,008 INFO  [Log] selectTab() PASSED 
2021-08-14 21:47:31,019 INFO  [Log] get_A_ImageCount() PASSED 
2021-08-15 09:23:07,230 INFO  [Log] searchKeyword() PASSED 
2021-08-15 09:23:12,345 INFO  [Log] selectTab() PASSED 
2021-08-15 09:23:12,362 INFO  [Log] get_A_ImageCount() PASSED 
2021-08-15 09:29:15,631 INFO  [Log] searchKeyword() PASSED 
2021-08-15 09:29:20,741 INFO  [Log] selectTab() PASSED 
2021-08-15 09:29:20,758 INFO  [Log] get_A_ImageCount() PASSED 
2021-08-15 09:29:40,708 INFO  [Log] searchKeyword() PASSED 
2021-08-15 09:29:45,818 INFO  [Log] selectTab() PASSED 
2021-08-15 09:29:45,834 INFO  [Log] get_A_ImageCount() PASSED 
2021-08-24 20:30:09,376 INFO  [Log] searchKeyword() PASSED 
2021-08-24 20:30:14,482 INFO  [Log] selectTab() PASSED 
2021-08-24 20:30:14,501 INFO  [Log] get_A_ImageCount() PASSED 
2021-08-24 20:53:09,568 ERROR [Log] searchKeyword() FAILED with cause : element not interactable
  (Session info: chrome=92.0.4515.159)
Build info: version: '3.141.59', revision: 'e82be7d358', time: '2018-11-14T08:17:03'
System info: host: 'NRDNTRN0', ip: '192.168.1.10', os.name: 'Windows 10', os.arch: 'amd64', os.version: '10.0', java.version: '11.0.12'
Driver info: org.openqa.selenium.chrome.ChromeDriver
Capabilities {acceptInsecureCerts: false, browserName: chrome, browserVersion: 92.0.4515.159, chrome: {chromedriverVersion: 92.0.4515.107 (87a818b10553..., userDataDir: C:\Users\ASUS\AppData\Local...}, goog:chromeOptions: {debuggerAddress: localhost:56205}, javascriptEnabled: true, networkConnectionEnabled: false, pageLoadStrategy: normal, platform: WINDOWS, platformName: WINDOWS, proxy: Proxy(), setWindowRect: true, strictFileInteractability: false, timeouts: {implicit: 0, pageLoad: 300000, script: 30000}, unhandledPromptBehavior: dismiss and notify, webauthn:extension:credBlob: true, webauthn:extension:largeBlob: true, webauthn:virtualAuthenticators: true}
Session ID: 3a4ffa9220691cc3026966f30cdf79f3 
2021-08-24 20:53:09,597 ERROR [Log] selectTab() FAILED with cause : no such element: Unable to locate element: {"method":"css selector","selector":"div.hdtb-mitem.hdtb-msel"}
  (Session info: chrome=92.0.4515.159)
For documentation on this error, please visit: https://www.seleniumhq.org/exceptions/no_such_element.html
Build info: version: '3.141.59', revision: 'e82be7d358', time: '2018-11-14T08:17:03'
System info: host: 'NRDNTRN0', ip: '192.168.1.10', os.name: 'Windows 10', os.arch: 'amd64', os.version: '10.0', java.version: '11.0.12'
Driver info: org.openqa.selenium.chrome.ChromeDriver
Capabilities {acceptInsecureCerts: false, browserName: chrome, browserVersion: 92.0.4515.159, chrome: {chromedriverVersion: 92.0.4515.107 (87a818b10553..., userDataDir: C:\Users\ASUS\AppData\Local...}, goog:chromeOptions: {debuggerAddress: localhost:56205}, javascriptEnabled: true, networkConnectionEnabled: false, pageLoadStrategy: normal, platform: WINDOWS, platformName: WINDOWS, proxy: Proxy(), setWindowRect: true, strictFileInteractability: false, timeouts: {implicit: 0, pageLoad: 300000, script: 30000}, unhandledPromptBehavior: dismiss and notify, webauthn:extension:credBlob: true, webauthn:extension:largeBlob: true, webauthn:virtualAuthenticators: true}
Session ID: 3a4ffa9220691cc3026966f30cdf79f3
*** Element info: {Using=css selector, value=div.hdtb-mitem.hdtb-msel} 
2021-08-24 20:53:09,627 INFO  [Log] get_A_ImageCount() PASSED 
2021-08-24 20:56:04,853 ERROR [Log] searchKeyword() FAILED with cause : element not interactable
  (Session info: chrome=92.0.4515.159)
Build info: version: '3.141.59', revision: 'e82be7d358', time: '2018-11-14T08:17:03'
System info: host: 'NRDNTRN0', ip: '192.168.1.10', os.name: 'Windows 10', os.arch: 'amd64', os.version: '10.0', java.version: '11.0.12'
Driver info: org.openqa.selenium.chrome.ChromeDriver
Capabilities {acceptInsecureCerts: false, browserName: chrome, browserVersion: 92.0.4515.159, chrome: {chromedriverVersion: 92.0.4515.107 (87a818b10553..., userDataDir: C:\Users\ASUS\AppData\Local...}, goog:chromeOptions: {debuggerAddress: localhost:56452}, javascriptEnabled: true, networkConnectionEnabled: false, pageLoadStrategy: normal, platform: WINDOWS, platformName: WINDOWS, proxy: Proxy(), setWindowRect: true, strictFileInteractability: false, timeouts: {implicit: 0, pageLoad: 300000, script: 30000}, unhandledPromptBehavior: dismiss and notify, webauthn:extension:credBlob: true, webauthn:extension:largeBlob: true, webauthn:virtualAuthenticators: true}
Session ID: abba705d8c60e257a4316527fb2895aa 
2021-08-24 20:56:04,883 ERROR [Log] selectTab() FAILED with cause : no such element: Unable to locate element: {"method":"css selector","selector":"div.hdtb-mitem.hdtb-msel"}
  (Session info: chrome=92.0.4515.159)
For documentation on this error, please visit: https://www.seleniumhq.org/exceptions/no_such_element.html
Build info: version: '3.141.59', revision: 'e82be7d358', time: '2018-11-14T08:17:03'
System info: host: 'NRDNTRN0', ip: '192.168.1.10', os.name: 'Windows 10', os.arch: 'amd64', os.version: '10.0', java.version: '11.0.12'
Driver info: org.openqa.selenium.chrome.ChromeDriver
Capabilities {acceptInsecureCerts: false, browserName: chrome, browserVersion: 92.0.4515.159, chrome: {chromedriverVersion: 92.0.4515.107 (87a818b10553..., userDataDir: C:\Users\ASUS\AppData\Local...}, goog:chromeOptions: {debuggerAddress: localhost:56452}, javascriptEnabled: true, networkConnectionEnabled: false, pageLoadStrategy: normal, platform: WINDOWS, platformName: WINDOWS, proxy: Proxy(), setWindowRect: true, strictFileInteractability: false, timeouts: {implicit: 0, pageLoad: 300000, script: 30000}, unhandledPromptBehavior: dismiss and notify, webauthn:extension:credBlob: true, webauthn:extension:largeBlob: true, webauthn:virtualAuthenticators: true}
Session ID: abba705d8c60e257a4316527fb2895aa
*** Element info: {Using=css selector, value=div.hdtb-mitem.hdtb-msel} 
2021-08-24 20:56:04,900 INFO  [Log] get_A_ImageCount() PASSED 
2021-08-24 21:30:11,869 ERROR [Log] searchKeyword() FAILED with cause : no such element: Unable to locate element: {"method":"css selector","selector":"#search_form_input_homepage"}
  (Session info: chrome=92.0.4515.159)
For documentation on this error, please visit: https://www.seleniumhq.org/exceptions/no_such_element.html
Build info: version: '3.141.59', revision: 'e82be7d358', time: '2018-11-14T08:17:03'
System info: host: 'NRDNTRN0', ip: '192.168.1.10', os.name: 'Windows 10', os.arch: 'amd64', os.version: '10.0', java.version: '11.0.12'
Driver info: org.openqa.selenium.chrome.ChromeDriver
Capabilities {acceptInsecureCerts: false, browserName: chrome, browserVersion: 92.0.4515.159, chrome: {chromedriverVersion: 92.0.4515.107 (87a818b10553..., userDataDir: C:\Users\ASUS\AppData\Local...}, goog:chromeOptions: {debuggerAddress: localhost:60169}, javascriptEnabled: true, networkConnectionEnabled: false, pageLoadStrategy: normal, platform: WINDOWS, platformName: WINDOWS, proxy: Proxy(), setWindowRect: true, strictFileInteractability: false, timeouts: {implicit: 0, pageLoad: 300000, script: 30000}, unhandledPromptBehavior: dismiss and notify, webauthn:extension:credBlob: true, webauthn:extension:largeBlob: true, webauthn:virtualAuthenticators: true}
Session ID: 454dee220ca5db913dbb16ffe9e26544
*** Element info: {Using=id, value=search_form_input_homepage} 
2021-08-24 21:30:11,888 ERROR [Log] selectTab() FAILED with cause : no such element: Unable to locate element: {"method":"xpath","selector":"//*[@id="duckbar_static"]/li[2]/a"}
  (Session info: chrome=92.0.4515.159)
For documentation on this error, please visit: https://www.seleniumhq.org/exceptions/no_such_element.html
Build info: version: '3.141.59', revision: 'e82be7d358', time: '2018-11-14T08:17:03'
System info: host: 'NRDNTRN0', ip: '192.168.1.10', os.name: 'Windows 10', os.arch: 'amd64', os.version: '10.0', java.version: '11.0.12'
Driver info: org.openqa.selenium.chrome.ChromeDriver
Capabilities {acceptInsecureCerts: false, browserName: chrome, browserVersion: 92.0.4515.159, chrome: {chromedriverVersion: 92.0.4515.107 (87a818b10553..., userDataDir: C:\Users\ASUS\AppData\Local...}, goog:chromeOptions: {debuggerAddress: localhost:60169}, javascriptEnabled: true, networkConnectionEnabled: false, pageLoadStrategy: normal, platform: WINDOWS, platformName: WINDOWS, proxy: Proxy(), setWindowRect: true, strictFileInteractability: false, timeouts: {implicit: 0, pageLoad: 300000, script: 30000}, unhandledPromptBehavior: dismiss and notify, webauthn:extension:credBlob: true, webauthn:extension:largeBlob: true, webauthn:virtualAuthenticators: true}
Session ID: 454dee220ca5db913dbb16ffe9e26544
*** Element info: {Using=xpath, value=//*[@id="duckbar_static"]/li[2]/a} 
2021-08-24 21:30:11,908 INFO  [Log] get_A_ImageCount() PASSED 
2021-08-24 21:31:04,676 ERROR [Log] searchKeyword() FAILED with cause : no such element: Unable to locate element: {"method":"xpath","selector":"//div[@id="TÜMÜ"]"}
  (Session info: chrome=92.0.4515.159)
For documentation on this error, please visit: https://www.seleniumhq.org/exceptions/no_such_element.html
Build info: version: '3.141.59', revision: 'e82be7d358', time: '2018-11-14T08:17:03'
System info: host: 'NRDNTRN0', ip: '192.168.1.10', os.name: 'Windows 10', os.arch: 'amd64', os.version: '10.0', java.version: '11.0.12'
Driver info: org.openqa.selenium.chrome.ChromeDriver
Capabilities {acceptInsecureCerts: false, browserName: chrome, browserVersion: 92.0.4515.159, chrome: {chromedriverVersion: 92.0.4515.107 (87a818b10553..., userDataDir: C:\Users\ASUS\AppData\Local...}, goog:chromeOptions: {debuggerAddress: localhost:56954}, javascriptEnabled: true, networkConnectionEnabled: false, pageLoadStrategy: normal, platform: WINDOWS, platformName: WINDOWS, proxy: Proxy(), setWindowRect: true, strictFileInteractability: false, timeouts: {implicit: 0, pageLoad: 300000, script: 30000}, unhandledPromptBehavior: dismiss and notify, webauthn:extension:credBlob: true, webauthn:extension:largeBlob: true, webauthn:virtualAuthenticators: true}
Session ID: 3684fa73e3aaa1a917605aac5ae89885
*** Element info: {Using=xpath, value=//div[@id="TÜMÜ"]} 
2021-08-24 21:31:09,840 INFO  [Log] selectTab() PASSED 
2021-08-24 21:31:09,865 INFO  [Log] get_A_ImageCount() PASSED 
2021-08-24 21:33:58,074 INFO  [Log] searchKeyword() PASSED 
2021-08-24 21:34:03,217 INFO  [Log] selectTab() PASSED 
2021-08-24 21:34:03,260 INFO  [Log] get_A_ImageCount() PASSED 
